[debug] [2023-06-09T17:48:37.907Z] ----------------------------------------------------------------------
[debug] [2023-06-09T17:48:37.909Z] Command:       D:\node js\node.exe C:\Users\Admin\AppData\Roaming\npm\node_modules\firebase-tools\lib\bin\firebase.js init
[debug] [2023-06-09T17:48:37.909Z] CLI Version:   12.2.1
[debug] [2023-06-09T17:48:37.910Z] Platform:      win32
[debug] [2023-06-09T17:48:37.910Z] Node Version:  v18.14.2
[debug] [2023-06-09T17:48:37.919Z] Time:          Fri Jun 09 2023 22:48:37 GMT+0500 (Узбекистан, стандартное время)
[debug] [2023-06-09T17:48:37.920Z] ----------------------------------------------------------------------
[debug] 
[debug] [2023-06-09T17:48:37.924Z] >>> [apiv2][query] GET https://firebase-public.firebaseio.com/cli.json [none]
[debug] [2023-06-09T17:48:38.010Z] > command requires scopes: ["email","openid","https://www.googleapis.com/auth/cloudplatformprojects.readonly","https://www.googleapis.com/auth/firebase","https://www.googleapis.com/auth/cloud-platform"]
[debug] [2023-06-09T17:48:38.011Z] > authorizing via signed-in user (toshpulatovshamshod68@gmail.com)
[info] 
     ######## #### ########  ######## ########     ###     ######  ########
     ##        ##  ##     ## ##       ##     ##  ##   ##  ##       ##
     ######    ##  ########  ######   ########  #########  ######  ######
     ##        ##  ##    ##  ##       ##     ## ##     ##       ## ##
     ##       #### ##     ## ######## ########  ##     ##  ######  ########

You're about to initialize a Firebase project in this directory:

  D:\onedrive\Рабочий стол\big-project\react_pizza

[debug] [2023-06-09T17:48:41.073Z] <<< [apiv2][status] GET https://firebase-public.firebaseio.com/cli.json 200
[debug] [2023-06-09T17:48:41.074Z] <<< [apiv2][body] GET https://firebase-public.firebaseio.com/cli.json {"cloudBuildErrorAfter":1594252800000,"cloudBuildWarnAfter":1590019200000,"defaultNode10After":1594252800000,"minVersion":"3.0.5","node8DeploysDisabledAfter":1613390400000,"node8RuntimeDisabledAfter":1615809600000,"node8WarnAfter":1600128000000}
[info] 
=== Project Setup
[info] 
[info] First, let's associate this project directory with a Firebase project.
[info] You can create multiple project aliases by running firebase use --add, 
[info] but for now we'll just set up a default project.
[info] 
[debug] [2023-06-09T17:48:57.148Z] > refreshing access token with scopes: []
[debug] [2023-06-09T17:48:57.149Z] >>> [apiv2][query] POST https://www.googleapis.com/oauth2/v3/token [none]
[debug] [2023-06-09T17:48:57.150Z] >>> [apiv2][body] POST https://www.googleapis.com/oauth2/v3/token [omitted]
[debug] [2023-06-09T17:48:58.022Z] <<< [apiv2][status] POST https://www.googleapis.com/oauth2/v3/token 200
[debug] [2023-06-09T17:48:58.022Z] <<< [apiv2][body] POST https://www.googleapis.com/oauth2/v3/token [omitted]
[debug] [2023-06-09T17:48:58.039Z] >>> [apiv2][query] GET https://firebase.googleapis.com/v1beta1/projects pageSize=100
[debug] [2023-06-09T17:48:59.999Z] <<< [apiv2][status] GET https://firebase.googleapis.com/v1beta1/projects 200
[debug] [2023-06-09T17:49:00.000Z] <<< [apiv2][body] GET https://firebase.googleapis.com/v1beta1/projects [omitted]
[info] i  Using project react-pizza-23335 (react-pizza) 
[info] 
=== Hosting Setup
[info] 
[info] Your public directory is the folder (relative to your project directory) that
[info] will contain Hosting assets to be uploaded with firebase deploy. If you
[info] have a build process for your assets, use your build's output directory.
[info] 
[debug] [2023-06-09T17:49:25.717Z] >>> [apiv2][query] GET https://www.gstatic.com/firebasejs/releases.json [none]
[debug] [2023-06-09T17:49:27.396Z] <<< [apiv2][status] GET https://www.gstatic.com/firebasejs/releases.json 200
[debug] [2023-06-09T17:49:27.396Z] <<< [apiv2][body] GET https://www.gstatic.com/firebasejs/releases.json {"current":{"version":"9.22.2","browserURL":"https://www.gstatic.com/firebasejs/9.22.2/firebase.js","packageURL":"https://www.gstatic.com/firebasejs/9.22.2/firebase.tgz"},"live":{"version":"9.22","browserURL":"https://www.gstatic.com/firebasejs/live/9.22/firebase.js","packageURL":"https://www.gstatic.com/firebasejs/live/9.22/firebase.tgz"},"components":{"analytics":"https://www.gstatic.com/firebasejs/9.22.2/firebase-analytics.js","app":"https://www.gstatic.com/firebasejs/9.22.2/firebase-app.js","app-check":"https://www.gstatic.com/firebasejs/9.22.2/firebase-app-check.js","auth":"https://www.gstatic.com/firebasejs/9.22.2/firebase-auth.js","auth/cordova":"https://www.gstatic.com/firebasejs/9.22.2/firebase-auth/cordova.js","auth/react-native":"https://www.gstatic.com/firebasejs/9.22.2/firebase-auth/react-native.js","functions":"https://www.gstatic.com/firebasejs/9.22.2/firebase-functions.js","firestore":"https://www.gstatic.com/firebasejs/9.22.2/firebase-firestore.js","firestore/lite":"https://www.gstatic.com/firebasejs/9.22.2/firebase-firestore/lite.js","installations":"https://www.gstatic.com/firebasejs/9.22.2/firebase-installations.js","storage":"https://www.gstatic.com/firebasejs/9.22.2/firebase-storage.js","performance":"https://www.gstatic.com/firebasejs/9.22.2/firebase-performance.js","remote-config":"https://www.gstatic.com/firebasejs/9.22.2/firebase-remote-config.js","messaging":"https://www.gstatic.com/firebasejs/9.22.2/firebase-messaging.js","messaging/sw":"https://www.gstatic.com/firebasejs/9.22.2/firebase-messaging/sw.js","database":"https://www.gstatic.com/firebasejs/9.22.2/firebase-database.js","firestore.memory":"https://www.gstatic.com/firebasejs/9.22.2/firebase-firestore.memory.js"}}
[info] +  Wrote public/index.html 
[info] 
[info] i  Detected a .git folder at D:\onedrive\Рабочий стол\big-project\react_pizza 
[info] i  Authorizing with GitHub to upload your service account to a GitHub repository's secrets store. 
[info] 
[info] Visit this URL on this device to log in:
[info] https://github.com/login/oauth/authorize?client_id=89cf50f02ac6aaed3484&state=943066661&redirect_uri=http%3A%2F%2Flocalhost%3A9005&scope=read%3Auser%20repo%20public_repo
[info] 
[info] Waiting for authentication...
[debug] [2023-06-09T17:50:14.427Z] >>> [apiv2][query] POST https://github.com/login/oauth/access_token [none]
[debug] [2023-06-09T17:50:14.428Z] >>> [apiv2][body] POST https://github.com/login/oauth/access_token [stream]
[debug] [2023-06-09T17:50:15.741Z] <<< [apiv2][status] POST https://github.com/login/oauth/access_token 200
[debug] [2023-06-09T17:50:15.741Z] <<< [apiv2][body] POST https://github.com/login/oauth/access_token {"access_token":"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","token_type":"bearer","scope":"read:user,repo"}
[debug] [2023-06-09T17:50:15.768Z] >>> [apiv2][query] GET https://api.github.com/user [none]
[debug] [2023-06-09T17:50:16.546Z] <<< [apiv2][status] GET https://api.github.com/user 200
[debug] [2023-06-09T17:50:16.547Z] <<< [apiv2][body] GET https://api.github.com/user {"login":"shamshod1012","id":122512505,"node_id":"U_kgDOB01keQ","avatar_url":"https://avatars.githubusercontent.com/u/122512505?v=4","gravatar_id":"","url":"https://api.github.com/users/shamshod1012","html_url":"https://github.com/shamshod1012","followers_url":"https://api.github.com/users/shamshod1012/followers","following_url":"https://api.github.com/users/shamshod1012/following{/other_user}","gists_url":"https://api.github.com/users/shamshod1012/gists{/gist_id}","starred_url":"https://api.github.com/users/shamshod1012/starred{/owner}{/repo}","subscriptions_url":"https://api.github.com/users/shamshod1012/subscriptions","organizations_url":"https://api.github.com/users/shamshod1012/orgs","repos_url":"https://api.github.com/users/shamshod1012/repos","events_url":"https://api.github.com/users/shamshod1012/events{/privacy}","received_events_url":"https://api.github.com/users/shamshod1012/received_events","type":"User","site_admin":false,"name":null,"company":null,"blog":"","location":null,"email":null,"hireable":null,"bio":"hello! My name is Shamshod. Im learning programming.","twitter_username":"Shamshod_beek","public_repos":17,"public_gists":0,"followers":0,"following":2,"created_at":"2023-01-12T06:07:17Z","updated_at":"2023-06-09T10:59:50Z","private_gists":0,"total_private_repos":1,"owned_private_repos":1,"disk_usage":50673,"collaborators":0,"two_factor_authentication":false,"plan":{"name":"free","space":976562499,"collaborators":0,"private_repos":10000}}
[info] 
[info] +  Success! Logged into GitHub as shamshod1012 
[info] 
[debug] [2023-06-09T17:50:42.196Z] >>> [apiv2][query] GET https://api.github.com/repos/https://github.com/shamshod1012/react-pizza/actions/secrets/public-key type=owner
[debug] [2023-06-09T17:50:45.322Z] <<< [apiv2][status] GET https://api.github.com/repos/https://github.com/shamshod1012/react-pizza/actions/secrets/public-key 404
[debug] [2023-06-09T17:50:45.322Z] <<< [apiv2][body] GET https://api.github.com/repos/https://github.com/shamshod1012/react-pizza/actions/secrets/public-key {"message":"Not Found","documentation_url":"https://docs.github.com/rest"}
[info] 
[info] 
[error] !  The provided authorization cannot be used with this repository. If this repository is in an organization, did you remember to grant access? 
[info] 
[info] i  Action required: Visit this URL to ensure access has been granted to the appropriate organization(s) for the Firebase CLI GitHub OAuth App: 
[info] https://github.com/settings/connections/applications/89cf50f02ac6aaed3484
[info] 
[debug] [2023-06-09T17:50:59.208Z] >>> [apiv2][query] GET https://api.github.com/repos/https://github.com/shamshod1012/react-pizza/actions/secrets/public-key type=owner
[debug] [2023-06-09T17:51:01.410Z] <<< [apiv2][status] GET https://api.github.com/repos/https://github.com/shamshod1012/react-pizza/actions/secrets/public-key 404
[debug] [2023-06-09T17:51:01.411Z] <<< [apiv2][body] GET https://api.github.com/repos/https://github.com/shamshod1012/react-pizza/actions/secrets/public-key {"message":"Not Found","documentation_url":"https://docs.github.com/rest"}
[info] 
[info] 
[error] !  The provided authorization cannot be used with this repository. If this repository is in an organization, did you remember to grant access? 
[info] 
[info] i  Action required: Visit this URL to ensure access has been granted to the appropriate organization(s) for the Firebase CLI GitHub OAuth App: 
[info] https://github.com/settings/connections/applications/89cf50f02ac6aaed3484
[info] 
